#
# There is insufficient memory for the Java Runtime Environment to continue.
# Native memory allocation (malloc) failed to allocate 1048576 bytes for AllocateHeap
# Possible reasons:
#   The system is out of physical RAM or swap space
#   The process is running with CompressedOops enabled, and the Java Heap may be blocking the growth of the native heap
# Possible solutions:
#   Reduce memory load on the system
#   Increase physical memory or swap space
#   Check if swap backing store is full
#   Decrease Java heap size (-Xmx/-Xms)
#   Decrease number of Java threads
#   Decrease Java thread stack sizes (-Xss)
#   Set larger code cache with -XX:ReservedCodeCacheSize=
#   JVM is running with Unscaled Compressed Oops mode in which the Java heap is
#     placed in the first 4GB address space. The Java Heap base address is the
#     maximum limit for the native heap growth. Please use -XX:HeapBaseMinAddress
#     to set the Java Heap base and to place the Java Heap above 4GB virtual address.
# This output file may be truncated or incomplete.
#
#  Out of Memory Error (./src/hotspot/share/memory/allocation.cpp:46), pid=23548, tid=15472
#
# JRE version: OpenJDK Runtime Environment Temurin-11.0.18+10 (11.0.18+10) (build 11.0.18+10)
# Java VM: OpenJDK 64-Bit Server VM Temurin-11.0.18+10 (11.0.18+10, mixed mode, tiered, compressed oops, g1 gc, windows-amd64)
# No core dump will be written. Minidumps are not enabled by default on client versions of Windows
#

---------------  S U M M A R Y ------------

Command Line: -Xverify:none -Dio.quarkus.force-color-support=true -Dquarkus-internal.serialized-app-model.path=C:\Users\The D\Desktop\BowlIn\Sources\API\Quarkus\target\quarkus\bootstrap\dev-app-model.dat -javaagent:C:\Users\The D\.m2\repository\io\quarkus\quarkus-class-change-agent\2.16.0.Final\quarkus-class-change-agent-2.16.0.Final.jar -XX:TieredStopAtLevel=1 -agentlib:jdwp=transport=dt_socket,address=localhost:5005,server=y,suspend=n -Djava.util.logging.manager=org.jboss.logmanager.LogManager C:\Users\The D\Desktop\BowlIn\Sources\API\Quarkus\target\BowlApi-dev.jar

Host: Intel(R) Core(TM) i3-10110U CPU @ 2.10GHz, 4 cores, 7G,  Windows 11 , 64 bit Build 22621 (10.0.22621.1344)
Time: Sun Apr  2 06:39:13 2023 Paris, Madrid (heure duild 22621 (10.0.22621.1344) elapsed time: 33.471305 seconds (0d 0h 0m 33s)

---------------  T H R E A D  ---------------

Current thread (0x000002d66f91f800):  VMThread "VM Thread" [stack: 0x000000f1f8e00000,0x000000f1f8f00000] [id=15472]

Stack: [0x000000f1f8e00000,0x000000f1f8f00000]
[error occurred during error reporting (printing stack bounds), id 0xc0000005, EXCEPTION_ACCESS_VIOLATION (0xc0000005) at pc=0x000002d65997112d]

Native frames: (J=compiled Java code, j=interpreted, Vv=VM code, C=native code)
V  [jvm.dll+0x64f2aa]
V  [jvm.dll+0x7e2769]
V  [jvm.dll+0x7e3e69]
V  [jvm.dll+0x7e44b5]
V  [jvm.dll+0x7e446b]
V  [jvm.dll+0x64e5b5]
V  [jvm.dll+0x64ecb8]
C  [ntdll.dll+0xa3cff]
C  [ntdll.dll+0x1e456]
C  [ntdll.dll+0xa2cee]
C  0x000002d65997112d

VM_Operation (0x000000f1808fab10): CollectForMetadataAllocation, mode: safepoint, requested by thread 0x000002d673e50800


---------------  P R O C E S S  ---------------

Threads class SMR info:
_java_thread_list=0x000002d672344e90, length=31, elements={
0x000002d66f921000, 0x000002d670150800, 0x000002d6701a7000, 0x000002d6701a9800,
0x000002d6701ac800, 0x000002d6701b0800, 0x000002d6701b1800, 0x000002d670246800,
0x000002d67098e000, 0x000002d670991800, 0x000002d671c79000, 0x000002d671d4a800,
0x000002d673e60000, 0x000002d673e5f800, 0x000002d673e65000, 0x000002d673e66000,
0x000002d673e61000, 0x000002d673e4f000, 0x000002d673e4c800, 0x000002d673e4d800,
0x000002d673e4c000, 0x000002d673e4b000, 0x000002d673e50000, 0x000002d673e4a000,
0x000002d673e50800, 0x000002d673e53000, 0x000002d673e54000, 0x000002d673e52800,
0x000002d673e4e000, 0x000002d673e56800, 0x000002d673e55000
}

Java Threads: ( => current thread )
  0x000002d66f921000 JavaThread "Reference Handler" daemon [_thread_blocked, id=21640, stack(0x000000f1f8f00000,0x000000f1f9000000)]
  0x000002d670150800 JavaThread "Finalizer" daemon [_thread_blocked, id=17892, stack(0x000000f1f9000000,0x000000f1f9100000)]
  0x000002d6701a7000 JavaThread "Signal Dispatcher" daemon [_thread_blocked, id=16616, stack(0x000000f1f9100000,0x000000f1f9200000)]
  0x000002d6701a9800 JavaThread "Attach Listener" daemon [_thread_blocked, id=9448, stack(0x000000f1f9200000,0x000000f1f9300000)]
  0x000002d6701ac800 JavaThread "Service Thread" daemon [_thread_blocked, id=23852, stack(0x000000f1f9300000,0x000000f1f9400000)]
  0x000002d6701b0800 JavaThread "C1 CompilerThread0" daemon [_thread_blocked, id=8728, stack(0x000000f1f9400000,0x000000f1f9500000)]
  0x000002d6701b1800 JavaThread "Sweeper thread" daemon [_thread_blocked, id=25248, stack(0x000000f1f9500000,0x000000f1f9600000)]
  0x000002d670246800 JavaThread "Common-Cleaner" daemon [_thread_blocked, id=24964, stack(0x000000f1f9600000,0x000000f1f9700000)]
  0x000002d67098e000 JavaThread "JDWP Transport Listener: dt_socket" daemon [_thread_in_native, id=24684, stack(0x000000f1f9700000,0x000000f1f9800000)]
  0x000002d670991800 JavaThread "JDWP Event Helper Thread" daemon [_thread_blocked, id=24756, stack(0x000000f1f9800000,0x000000f1f9900000)]
  0x000002d671c79000 JavaThread "Quarkus Devmode keep alive thread" [_thread_blocked, id=24972, stack(0x000000f1f9e00000,0x000000f1f9f00000)]
  0x000002d671d4a800 JavaThread "ForkJoinPool.commonPool-worker-3" daemon [_thread_blocked, id=24304, stack(0x000000f1fa000000,0x000000f1fa100000)]
  0x000002d673e60000 JavaThread "WindowsStreamPump" daemon [_thread_in_native, id=24192, stack(0x000000f186200000,0x000000f186300000)]
  0x000002d673e5f800 JavaThread "Aesh InputStream Reader" daemon [_thread_blocked, id=25288, stack(0x000000f186300000,0x000000f186400000)]
  0x000002d673e65000 JavaThread "vertx-blocked-thread-checker" daemon [_thread_blocked, id=23592, stack(0x000000f186400000,0x000000f186500000)]
  0x000002d673e66000 JavaThread "Thread-194" daemon [_thread_in_native, id=11880, stack(0x000000f186500000,0x000000f186600000)]
  0x000002d673e61000 JavaThread "[DevConsole]vert.x-eventloop-thread-0" [_thread_in_native, id=22848, stack(0x000000f186600000,0x000000f186700000)]
  0x000002d673e4f000 JavaThread "ForkJoinPool.commonPool-worker-5" daemon [_thread_blocked, id=22128, stack(0x000000f180000000,0x000000f180100000)]
  0x000002d673e4c800 JavaThread "ForkJoinPool.commonPool-worker-7" daemon [_thread_blocked, id=24868, stack(0x000000f180100000,0x000000f180200000)]
  0x000002d673e4d800 JavaThread "Quarkus Main Thread" [_thread_blocked, id=25180, stack(0x000000f180200000,0x000000f180300000)]
  0x000002d673e4c000 JavaThread "executor-thread-0" daemon [_thread_blocked, id=24708, stack(0x000000f180300000,0x000000f180400000)]
  0x000002d673e4b000 JavaThread "vertx-blocked-thread-checker" daemon [_thread_blocked, id=24960, stack(0x000000f180400000,0x000000f180500000)]
  0x000002d673e50000 JavaThread "vert.x-eventloop-thread-0" [_thread_in_native, id=5880, stack(0x000000f180600000,0x000000f180700000)]
  0x000002d673e4a000 JavaThread "vert.x-eventloop-thread-1" [_thread_in_native, id=24660, stack(0x000000f180500000,0x000000f180600000)]
  0x000002d673e50800 JavaThread "vert.x-eventloop-thread-2" [_thread_blocked, id=10496, stack(0x000000f180800000,0x000000f180900000)]
  0x000002d673e53000 JavaThread "vert.x-acceptor-thread-0" [_thread_in_native, id=21048, stack(0x000000f180900000,0x000000f180a00000)]
  0x000002d673e54000 JavaThread "vert.x-internal-blocking-0" [_thread_blocked, id=25312, stack(0x000000f180a00000,0x000000f180b00000)]
  0x000002d673e52800 JavaThread "vert.x-eventloop-thread-3" [_thread_in_native, id=24280, stack(0x000000f180b00000,0x000000f180c00000)]
  0x000002d673e4e000 JavaThread "DestroyJavaVM" [_thread_blocked, id=22952, stack(0x000000f1f8800000,0x000000f1f8900000)]
  0x000002d673e56800 JavaThread "vert.x-worker-thread-0" [_thread_blocked, id=24328, stack(0x000000f180c00000,0x000000f180d00000)]
  0x000002d673e55000 JavaThread "[DevConsole]vert.x-eventloop-thread-1" [_thread_in_native, id=9732, stack(0x000000f180f00000,0x000000f181000000)]

Other Threads:
=>0x000002d66f91f800 VMThread "VM Thread" [stack: 0x000000f1f8e00000,0x000000f1f8f00000] [id=15472]
  0x000002d67099c000 WatcherThread [stack: 0x000000f1f9900000,0x000000f1f9a00000] [id=22324]
  0x000002d65121d000 GCTaskThread "GC Thread#0" [stack: 0x000000f1f8900000,0x000000f1f8a00000] [id=15156]
  0x000002d670c28000 GCTaskThread "GC Thread#1" [stack: 0x000000f1f9a00000,0x000000f1f9b00000] [id=24820]
  0x000002d670c29000 GCTaskThread "GC Thread#2" [stack: 0x000000f1f9b00000,0x000000f1f9c00000] [id=15132]
  0x000002d671caa000 GCTaskThread "GC Thread#3" [stack: 0x000000f1f9f00000,0x000000f1fa000000] [id=25276]
  0x000002d65124c000 ConcurrentGCThread "G1 Main Marker" [stack: 0x000000f1f8a00000,0x000000f1f8b00000] [id=24668]
  0x000002d65124f800 ConcurrentGCThread "G1 Conc#0" [stack: 0x000000f1f8b00000,0x000000f1f8c00000] [id=25476]
  0x000002d66f781800 ConcurrentGCThread "G1 Refine#0" [stack: 0x000000f1f8c00000,0x000000f1f8d00000] [id=25296]
  0x000002d6703ad000 ConcurrentGCThread "G1 Refine#1" [stack: 0x000000f1f9c00000,0x000000f1f9d00000] [id=25500]
  0x000002d6715d3800 ConcurrentGCThread "G1 Refine#2" [stack: 0x000000f1f9d00000,0x000000f1f9e00000] [id=9020]
  0x000002d66f785800 ConcurrentGCThread "G1 Young RemSet Sampling" [stack: 0x000000f1f8d00000,0x000000f1f8e00000] [id=20352]

Threads with active compile tasks:

VM state:at safepoint (normal execution)

VM Mutex/Monitor currently owned by a thread:  ([mutex/lock_event])
[0x000002d6512018a0] Threads_lock - owner thread: 0x000002d66f91f800
[0x000002d651202860] Heap_lock - owner thread: 0x000002d673e50800

Heap address: 0x0000000082800000, size: 2008 MB, Compressed Oops mode: 32-bit
Narrow klass base: 0x0000000000000000, Narrow klass shift: 3
Compressed class space size: 1073741824 Address: 0x0000000100000000

Heap:
 garbage-first heap   total 238592K, used 78066K [0x0000000082800000, 0x0000000100000000)
  region size 1024K, 8 young (8192K), 8 survivors (8192K)
 Metaspace       used 83342K, capacity 86338K, committed 86536K, reserved 1136640K
  class space    used 10687K, capacity 11845K, committed 11976K, reserved 1048576K
Heap Regions: E=young(eden), S=young(survivor), O=old, HS=humongous(starts), HC=humongous(continues), CS=collection set, F=free, A=archive, TAMS=top-at-mark-start (previous, next)
|   0|0x0000000082800000, 0x0000000082900000, 0x0000000082900000|100%| O|  |TAMS 0x0000000082900000, 0x0000000082800000| Untracked 
|   1|0x0000000082900000, 0x0000000082a00000, 0x0000000082a00000|100%| O|  |TAMS 0x0000000082a00000, 0x0000000082900000| Untracked 
|   2|0x0000000082a00000, 0x0000000082b00000, 0x0000000082b00000|100%| O|  |TAMS 0x0000000082b00000, 0x0000000082a00000| Untracked 
|   3|0x0000000082b00000, 0x0000000082c00000, 0x0000000082c00000|100%|HS|  |TAMS 0x0000000082c00000, 0x0000000082b00000| Complete 
|   4|0x0000000082c00000, 0x0000000082d00000, 0x0000000082d00000|100%| O|  |TAMS 0x0000000082d00000, 0x0000000082c00000| Untracked 
|   5|0x0000000082d00000, 0x0000000082e00000, 0x0000000082e00000|100%| O|  |TAMS 0x0000000082e00000, 0x0000000082d00000| Untracked 
|   6|0x0000000082e00000, 0x0000000082f00000, 0x0000000082f00000|100%| O|  |TAMS 0x0000000082f00000, 0x0000000082e00000| Complete 
|   7|0x0000000082f00000, 0x0000000083000000, 0x0000000083000000|100%| O|  |TAMS 0x0000000083000000, 0x0000000082f00000| Untracked 
|   8|0x0000000083000000, 0x0000000083100000, 0x0000000083100000|100%| O|  |TAMS 0x0000000083100000, 0x0000000083000000| Untracked 
|   9|0x0000000083100000, 0x0000000083200000, 0x0000000083200000|100%| O|  |TAMS 0x0000000083200000, 0x0000000083100000| Untracked 
|  10|0x0000000083200000, 0x0000000083300000, 0x0000000083300000|100%| O|  |TAMS 0x0000000083300000, 0x0000000083200000| Untracked 
|  11|0x0000000083300000, 0x0000000083400000, 0x0000000083400000|100%|HS|  |TAMS 0x0000000083400000, 0x0000000083300000| Complete 
|  12|0x0000000083400000, 0x0000000083500000, 0x0000000083500000|100%|HC|  |TAMS 0x0000000083500000, 0x0000000083400000| Complete 
|  13|0x0000000083500000, 0x0000000083600000, 0x0000000083600000|100%| O|  |TAMS 0x0000000083600000, 0x0000000083500000| Complete 
|  14|0x0000000083600000, 0x0000000083700000, 0x0000000083700000|100%| O|  |TAMS 0x0000000083700000, 0x0000000083600000| Untracked 
|  15|0x0000000083700000, 0x0000000083800000, 0x0000000083800000|100%| O|  |TAMS 0x0000000083800000, 0x0000000083700000| Untracked 
|  16|0x0000000083800000, 0x0000000083900000, 0x0000000083900000|100%| O|  |TAMS 0x0000000083900000, 0x0000000083800000| Complete 
|  17|0x0000000083900000, 0x0000000083a00000, 0x0000000083a00000|100%| O|  |TAMS 0x0000000083a00000, 0x0000000083900000| Complete 
|  18|0x0000000083a00000, 0x0000000083b00000, 0x0000000083b00000|100%| O|  |TAMS 0x0000000083b00000, 0x0000000083a00000| Untracked 
|  19|0x0000000083b00000, 0x0000000083c00000, 0x0000000083c00000|100%| O|  |TAMS 0x0000000083c00000, 0x0000000083b00000| Untracked 
|  20|0x0000000083c00000, 0x0000000083d00000, 0x0000000083d00000|100%| O|  |TAMS 0x0000000083d00000, 0x0000000083c00000| Complete 
|  21|0x0000000083d00000, 0x0000000083e00000, 0x0000000083e00000|100%| O|  |TAMS 0x0000000083e00000, 0x0000000083d00000| Complete 
|  22|0x0000000083e00000, 0x0000000083f00000, 0x0000000083f00000|100%| O|  |TAMS 0x0000000083f00000, 0x0000000083e00000| Complete 
|  23|0x0000000083f00000, 0x0000000084000000, 0x0000000084000000|100%| O|  |TAMS 0x0000000084000000, 0x0000000083f00000| Untracked 
|  24|0x0000000084000000, 0x0000000084100000, 0x0000000084100000|100%| O|  |TAMS 0x0000000084100000, 0x0000000084000000| Untracked 
|  25|0x0000000084100000, 0x0000000084200000, 0x0000000084200000|100%| O|  |TAMS 0x0000000084200000, 0x0000000084100000| Untracked 
|  26|0x0000000084200000, 0x0000000084300000, 0x0000000084300000|100%| O|  |TAMS 0x0000000084300000, 0x0000000084200000| Untracked 
|  27|0x0000000084300000, 0x0000000084400000, 0x0000000084400000|100%| O|  |TAMS 0x0000000084400000, 0x0000000084300000| Complete 
|  28|0x0000000084400000, 0x0000000084500000, 0x0000000084500000|100%| O|  |TAMS 0x0000000084500000, 0x0000000084400000| Complete 
|  29|0x0000000084500000, 0x0000000084600000, 0x0000000084600000|100%| O|  |TAMS 0x0000000084600000, 0x0000000084500000| Complete 
|  30|0x0000000084600000, 0x0000000084700000, 0x0000000084700000|100%| O|  |TAMS 0x0000000084700000, 0x0000000084600000| Complete 
|  31|0x0000000084700000, 0x0000000084800000, 0x0000000084800000|100%| O|  |TAMS 0x0000000084800000, 0x0000000084700000| Complete 
|  32|0x0000000084800000, 0x0000000084900000, 0x0000000084900000|100%| O|  |TAMS 0x0000000084900000, 0x0000000084800000| Complete 
|  33|0x0000000084900000, 0x0000000084a00000, 0x0000000084a00000|100%| O|  |TAMS 0x0000000084a00000, 0x0000000084900000| Untracked 
|  34|0x0000000084a00000, 0x0000000084b00000, 0x0000000084b00000|100%| O|  |TAMS 0x0000000084b00000, 0x0000000084a00000| Complete 
|  35|0x0000000084b00000, 0x0000000084c00000, 0x0000000084c00000|100%| O|  |TAMS 0x0000000084c00000, 0x0000000084b00000| Untracked 
|  36|0x0000000084c00000, 0x0000000084d00000, 0x0000000084d00000|100%| O|  |TAMS 0x0000000084d00000, 0x0000000084c00000| Complete 
|  37|0x0000000084d00000, 0x0000000084e00000, 0x0000000084e00000|100%| O|  |TAMS 0x0000000084e00000, 0x0000000084d00000| Untracked 
|  38|0x0000000084e00000, 0x0000000084f00000, 0x0000000084f00000|100%| O|  |TAMS 0x0000000084f00000, 0x0000000084e00000| Untracked 
|  39|0x0000000084f00000, 0x0000000085000000, 0x0000000085000000|100%| O|  |TAMS 0x0000000085000000, 0x0000000084f00000| Complete 
|  40|0x0000000085000000, 0x0000000085100000, 0x0000000085100000|100%| O|  |TAMS 0x0000000085100000, 0x0000000085000000| Untracked 
|  41|0x0000000085100000, 0x0000000085200000, 0x0000000085200000|100%| O|  |TAMS 0x0000000085200000, 0x0000000085100000| Untracked 
|  42|0x0000000085200000, 0x0000000085300000, 0x0000000085300000|100%| O|  |TAMS 0x0000000085300000, 0x0000000085200000| Untracked 
|  43|0x0000000085300000, 0x0000000085400000, 0x0000000085400000|100%| O|  |TAMS 0x0000000085400000, 0x0000000085300000| Complete 
|  44|0x0000000085400000, 0x0000000085500000, 0x0000000085500000|100%| O|  |TAMS 0x0000000085500000, 0x0000000085400000| Complete 
|  45|0x0000000085500000, 0x0000000085600000, 0x0000000085600000|100%| O|  |TAMS 0x0000000085600000, 0x0000000085500000| Untracked 
|  46|0x0000000085600000, 0x0000000085700000, 0x0000000085700000|100%| O|  |TAMS 0x0000000085700000, 0x0000000085600000| Complete 
|  47|0x0000000085700000, 0x0000000085800000, 0x0000000085800000|100%| O|  |TAMS 0x0000000085800000, 0x0000000085700000| Untracked 
|  48|0x0000000085800000, 0x0000000085900000, 0x0000000085900000|100%| O|  |TAMS 0x0000000085900000, 0x0000000085800000| Untracked 
|  49|0x0000000085900000, 0x0000000085a00000, 0x0000000085a00000|100%| O|  |TAMS 0x0000000085a00000, 0x0000000085900000| Untracked 
|  50|0x0000000085a00000, 0x0000000085b00000, 0x0000000085b00000|100%| O|  |TAMS 0x0000000085b00000, 0x0000000085a00000| Complete 
|  51|0x0000000085b00000, 0x0000000085c00000, 0x0000000085c00000|100%| O|  |TAMS 0x0000000085c00000, 0x0000000085b00000| Untracked 
|  52|0x0000000085c00000, 0x0000000085d00000, 0x0000000085d00000|100%| O|  |TAMS 0x0000000085d00000, 0x0000000085c00000| Complete 
|  53|0x0000000085d00000, 0x0000000085e00000, 0x0000000085e00000|100%| O|  |TAMS 0x0000000085e00000, 0x0000000085d00000| Complete 
|  54|0x0000000085e00000, 0x0000000085f00000, 0x0000000085f00000|100%| O|  |TAMS 0x0000000085f00000, 0x0000000085e00000| Untracked 
|  55|0x0000000085f00000, 0x0000000086000000, 0x0000000086000000|100%| O|  |TAMS 0x0000000086000000, 0x0000000085f00000| Complete 
|  56|0x0000000086000000, 0x0000000086100000, 0x0000000086100000|100%| O|  |TAMS 0x0000000086100000, 0x0000000086000000| Complete 
|  57|0x0000000086100000, 0x0000000086200000, 0x0000000086200000|100%| O|  |TAMS 0x0000000086200000, 0x0000000086100000| Complete 
|  58|0x0000000086200000, 0x0000000086300000, 0x0000000086300000|100%| O|  |TAMS 0x0000000086300000, 0x0000000086200000| Untracked 
|  59|0x0000000086300000, 0x0000000086400000, 0x0000000086400000|100%| O|  |TAMS 0x0000000086400000, 0x0000000086300000| Untracked 
|  60|0x0000000086400000, 0x0000000086500000, 0x0000000086500000|100%| O|  |TAMS 0x0000000086500000, 0x0000000086400000| Untracked 
|  61|0x0000000086500000, 0x0000000086600000, 0x0000000086600000|100%| O|  |TAMS 0x0000000086600000, 0x0000000086500000| Untracked 
|  62|0x0000000086600000, 0x0000000086700000, 0x0000000086700000|100%| O|  |TAMS 0x0000000086700000, 0x0000000086600000| Untracked 
|  63|0x0000000086700000, 0x0000000086800000, 0x0000000086800000|100%| O|  |TAMS 0x0000000086800000, 0x0000000086700000| Untracked 
|  64|0x0000000086800000, 0x0000000086900000, 0x0000000086900000|100%| O|  |TAMS 0x0000000086900000, 0x0000000086800000| Untracked 
|  65|0x0000000086900000, 0x0000000086a00000, 0x0000000086a00000|100%| O|  |TAMS 0x0000000086a00000, 0x0000000086900000| Untracked 
|  66|0x0000000086a00000, 0x0000000086b00000, 0x0000000086b00000|100%| O|  |TAMS 0x0000000086b00000, 0x0000000086a00000| Untracked 
|  67|0x0000000086b00000, 0x0000000086c00000, 0x0000000086c00000|100%| O|  |TAMS 0x0000000086c00000, 0x0000000086b00000| Untracked 
|  68|0x0000000086c00000, 0x0000000086d00000, 0x0000000086d00000|100%| O|  |TAMS 0x0000000086d00000, 0x0000000086c00000| Untracked 
|  69|0x0000000086d00000, 0x0000000086d33000, 0x0000000086e00000| 19%| O|  |TAMS 0x0000000086d33000, 0x0000000086d00000| Untracked 
|  70|0x0000000086e00000, 0x0000000086e00000, 0x0000000086f00000|  0%| F|  |TAMS 0x0000000086e00000, 0x0000000086e00000| Untracked 
|  71|0x0000000086f00000, 0x0000000086f00000, 0x0000000087000000|  0%| F|  |TAMS 0x0000000086f00000, 0x0000000086f00000| Untracked 
|  72|0x0000000087000000, 0x0000000087000000, 0x0000000087100000|  0%| F|  |TAMS 0x0000000087000000, 0x0000000087000000| Untracked 
|  73|0x0000000087100000, 0x0000000087100000, 0x0000000087200000|  0%| F|  |TAMS 0x0000000087100000, 0x0000000087100000| Untracked 
|  74|0x0000000087200000, 0x0000000087200000, 0x0000000087300000|  0%| F|  |TAMS 0x0000000087200000, 0x0000000087200000| Untracked 
|  75|0x0000000087300000, 0x0000000087300000, 0x0000000087400000|  0%| F|  |TAMS 0x0000000087300000, 0x0000000087300000| Untracked 
|  76|0x0000000087400000, 0x0000000087400000, 0x0000000087500000|  0%| F|  |TAMS 0x0000000087400000, 0x0000000087400000| Untracked 
|  77|0x0000000087500000, 0x0000000087500000, 0x0000000087600000|  0%| F|  |TAMS 0x0000000087500000, 0x0000000087500000| Untracked 
|  78|0x0000000087600000, 0x0000000087600000, 0x0000000087700000|  0%| F|  |TAMS 0x0000000087600000, 0x0000000087600000| Untracked 
|  79|0x0000000087700000, 0x0000000087700000, 0x0000000087800000|  0%| F|  |TAMS 0x0000000087700000, 0x0000000087700000| Untracked 
|  80|0x0000000087800000, 0x0000000087800000, 0x0000000087900000|  0%| F|  |TAMS 0x0000000087800000, 0x0000000087800000| Untracked 
|  81|0x0000000087900000, 0x0000000087900000, 0x0000000087a00000|  0%| F|  |TAMS 0x0000000087900000, 0x0000000087900000| Untracked 
|  82|0x0000000087a00000, 0x0000000087a00000, 0x0000000087b00000|  0%| F|  |TAMS 0x0000000087a00000, 0x0000000087a00000| Untracked 
|  83|0x0000000087b00000, 0x0000000087b00000, 0x0000000087c00000|  0%| F|  |TAMS 0x0000000087b00000, 0x0000000087b00000| Untracked 
|  84|0x0000000087c00000, 0x0000000087c00000, 0x0000000087d00000|  0%| F|  |TAMS 0x0000000087c00000, 0x0000000087c00000| Untracked 
|  85|0x0000000087d00000, 0x0000000087d00000, 0x0000000087e00000|  0%| F|  |TAMS 0x0000000087d00000, 0x0000000087d00000| Untracked 
|  86|0x0000000087e00000, 0x0000000087e00000, 0x0000000087f00000|  0%| F|  |TAMS 0x0000000087e00000, 0x0000000087e00000| Untracked 
|  87|0x0000000087f00000, 0x0000000087f00000, 0x0000000088000000|  0%| F|  |TAMS 0x0000000087f00000, 0x0000000087f00000| Untracked 
|  88|0x0000000088000000, 0x0000000088000000, 0x0000000088100000|  0%| F|  |TAMS 0x0000000088000000, 0x0000000088000000| Untracked 
|  89|0x0000000088100000, 0x0000000088100000, 0x0000000088200000|  0%| F|  |TAMS 0x0000000088100000, 0x0000000088100000| Untracked 
|  90|0x0000000088200000, 0x0000000088200000, 0x0000000088300000|  0%| F|  |TAMS 0x0000000088200000, 0x0000000088200000| Untracked 
|  91|0x0000000088300000, 0x0000000088300000, 0x0000000088400000|  0%| F|  |TAMS 0x0000000088300000, 0x0000000088300000| Untracked 
|  92|0x0000000088400000, 0x0000000088400000, 0x0000000088500000|  0%| F|  |TAMS 0x0000000088400000, 0x0000000088400000| Untracked 
|  93|0x0000000088500000, 0x0000000088500000, 0x0000000088600000|  0%| F|  |TAMS 0x0000000088500000, 0x0000000088500000| Untracked 
|  94|0x0000000088600000, 0x0000000088600000, 0x0000000088700000|  0%| F|  |TAMS 0x0000000088600000, 0x0000000088600000| Untracked 
|  95|0x0000000088700000, 0x0000000088700000, 0x0000000088800000|  0%| F|  |TAMS 0x0000000088700000, 0x0000000088700000| Untracked 
|  96|0x0000000088800000, 0x0000000088800000, 0x0000000088900000|  0%| F|  |TAMS 0x0000000088800000, 0x0000000088800000| Untracked 
|  97|0x0000000088900000, 0x0000000088900000, 0x0000000088a00000|  0%| F|  |TAMS 0x0000000088900000, 0x0000000088900000| Untracked 
|  98|0x0000000088a00000, 0x0000000088a00000, 0x0000000088b00000|  0%| F|  |TAMS 0x0000000088a00000, 0x0000000088a00000| Untracked 
|  99|0x0000000088b00000, 0x0000000088b00000, 0x0000000088c00000|  0%| F|  |TAMS 0x0000000088b00000, 0x0000000088b00000| Untracked 
| 100|0x0000000088c00000, 0x0000000088c00000, 0x0000000088d00000|  0%| F|  |TAMS 0x0000000088c00000, 0x0000000088c00000| Untracked 
| 101|0x0000000088d00000, 0x0000000088d00000, 0x0000000088e00000|  0%| F|  |TAMS 0x0000000088d00000, 0x0000000088d00000| Untracked 
| 102|0x0000000088e00000, 0x0000000088e00000, 0x0000000088f00000|  0%| F|  |TAMS 0x0000000088e00000, 0x0000000088e00000| Untracked 
| 103|0x0000000088f00000, 0x0000000088f00000, 0x0000000089000000|  0%| F|  |TAMS 0x0000000088f00000, 0x0000000088f00000| Untracked 
| 104|0x0000000089000000, 0x0000000089000000, 0x0000000089100000|  0%| F|  |TAMS 0x0000000089000000, 0x0000000089000000| Untracked 
| 105|0x0000000089100000, 0x0000000089100000, 0x0000000089200000|  0%| F|  |TAMS 0x0000000089100000, 0x0000000089100000| Untracked 
| 106|0x0000000089200000, 0x0000000089200000, 0x0000000089300000|  0%| F|  |TAMS 0x0000000089200000, 0x0000000089200000| Untracked 
| 107|0x0000000089300000, 0x0000000089300000, 0x0000000089400000|  0%| F|  |TAMS 0x0000000089300000, 0x0000000089300000| Untracked 
| 108|0x0000000089400000, 0x0000000089400000, 0x0000000089500000|  0%| F|  |TAMS 0x0000000089400000, 0x0000000089400000| Untracked 
| 109|0x0000000089500000, 0x0000000089500000, 0x0000000089600000|  0%| F|  |TAMS 0x0000000089500000, 0x0000000089500000| Untracked 
| 110|0x0000000089600000, 0x0000000089600000, 0x0000000089700000|  0%| F|  |TAMS 0x0000000089600000, 0x0000000089600000| Untracked 
| 111|0x0000000089700000, 0x0000000089700000, 0x0000000089800000|  0%| F|  |TAMS 0x0000000089700000, 0x0000000089700000| Untracked 
| 112|0x0000000089800000, 0x0000000089800000, 0x0000000089900000|  0%| F|  |TAMS 0x0000000089800000, 0x0000000089800000| Untracked 
| 113|0x0000000089900000, 0x0000000089900000, 0x0000000089a00000|  0%| F|  |TAMS 0x0000000089900000, 0x0000000089900000| Untracked 
| 114|0x0000000089a00000, 0x0000000089a00000, 0x0000000089b00000|  0%| F|  |TAMS 0x0000000089a00000, 0x0000000089a00000| Untracked 
| 115|0x0000000089b00000, 0x0000000089b00000, 0x0000000089c00000|  0%| F|  |TAMS 0x0000000089b00000, 0x0000000089b00000| Untracked 
| 116|0x0000000089c00000, 0x0000000089c00000, 0x0000000089d00000|  0%| F|  |TAMS 0x0000000089c00000, 0x0000000089c00000| Untracked 
| 117|0x0000000089d00000, 0x0000000089d00000, 0x0000000089e00000|  0%| F|  |TAMS 0x0000000089d00000, 0x0000000089d00000| Untracked 
| 118|0x0000000089e00000, 0x0000000089e00000, 0x0000000089f00000|  0%| F|  |TAMS 0x0000000089e00000, 0x0000000089e00000| Untracked 
| 119|0x0000000089f00000, 0x0000000089f00000, 0x000000008a000000|  0%| F|  |TAMS 0x0000000089f00000, 0x0000000089f00000| Untracked 
| 120|0x000000008a000000, 0x000000008a000000, 0x000000008a100000|  0%| F|  |TAMS 0x000000008a000000, 0x000000008a000000| Untracked 
| 121|0x000000008a100000, 0x000000008a100000, 0x000000008a200000|  0%| F|  |TAMS 0x000000008a100000, 0x000000008a100000| Untracked 
| 122|0x000000008a200000, 0x000000008a200000, 0x000000008a300000|  0%| F|  |TAMS 0x000000008a200000, 0x000000008a200000| Untracked 
| 123|0x000000008a300000, 0x000000008a300000, 0x000000008a400000|  0%| F|  |TAMS 0x000000008a300000, 0x000000008a300000| Untracked 
| 124|0x000000008a400000, 0x000000008a400000, 0x000000008a500000|  0%| F|  |TAMS 0x000000008a400000, 0x000000008a400000| Untracked 
| 125|0x000000008a500000, 0x000000008a500000, 0x000000008a600000|  0%| F|  |TAMS 0x000000008a500000, 0x000000008a500000| Untracked 
| 126|0x000000008a600000, 0x000000008a600000, 0x000000008a700000|  0%| F|  |TAMS 0x000000008a600000, 0x000000008a600000| Untracked 
| 127|0x000000008a700000, 0x000000008a700000, 0x000000008a800000|  0%| F|  |TAMS 0x000000008a700000, 0x000000008a700000| Untracked 
| 128|0x000000008a800000, 0x000000008a800000, 0x000000008a900000|  0%| F|  |TAMS 0x000000008a800000, 0x000000008a800000| Untracked 
| 129|0x000000008a900000, 0x000000008a900000, 0x000000008aa00000|  0%| F|  |TAMS 0x000000008a900000, 0x000000008a900000| Untracked 
| 130|0x000000008aa00000, 0x000000008aa00000, 0x000000008ab00000|  0%| F|  |TAMS 0x000000008aa00000, 0x000000008aa00000| Untracked 
| 131|0x000000008ab00000, 0x000000008ab00000, 0x000000008ac00000|  0%| F|  |TAMS 0x000000008ab00000, 0x000000008ab00000| Untracked 
| 132|0x000000008ac00000, 0x000000008ac00000, 0x000000008ad00000|  0%| F|  |TAMS 0x000000008ac00000, 0x000000008ac00000| Untracked 
| 133|0x000000008ad00000, 0x000000008ad00000, 0x000000008ae00000|  0%| F|  |TAMS 0x000000008ad00000, 0x000000008ad00000| Untracked 
| 134|0x000000008ae00000, 0x000000008ae00000, 0x000000008af00000|  0%| F|  |TAMS 0x000000008ae00000, 0x000000008ae00000| Untracked 
| 135|0x000000008af00000, 0x000000008af00000, 0x000000008b000000|  0%| F|  |TAMS 0x000000008af00000, 0x000000008af00000| Untracked 
| 136|0x000000008b000000, 0x000000008b000000, 0x000000008b100000|  0%| F|  |TAMS 0x000000008b000000, 0x000000008b000000| Untracked 
| 137|0x000000008b100000, 0x000000008b100000, 0x000000008b200000|  0%| F|  |TAMS 0x000000008b100000, 0x000000008b100000| Untracked 
| 138|0x000000008b200000, 0x000000008b200000, 0x000000008b300000|  0%| F|  |TAMS 0x000000008b200000, 0x000000008b200000| Untracked 
| 139|0x000000008b300000, 0x000000008b300000, 0x000000008b400000|  0%| F|  |TAMS 0x000000008b300000, 0x000000008b300000| Untracked 
| 140|0x000000008b400000, 0x000000008b400000, 0x000000008b500000|  0%| F|  |TAMS 0x000000008b400000, 0x000000008b400000| Untracked 
| 141|0x000000008b500000, 0x000000008b500000, 0x000000008b600000|  0%| F|  |TAMS 0x000000008b500000, 0x000000008b500000| Untracked 
| 142|0x000000008b600000, 0x000000008b600000, 0x000000008b700000|  0%| F|  |TAMS 0x000000008b600000, 0x000000008b600000| Untracked 
| 143|0x000000008b700000, 0x000000008b700000, 0x000000008b800000|  0%| F|  |TAMS 0x000000008b700000, 0x000000008b700000| Untracked 
| 144|0x000000008b800000, 0x000000008b800000, 0x000000008b900000|  0%| F|  |TAMS 0x000000008b800000, 0x000000008b800000| Untracked 
| 145|0x000000008b900000, 0x000000008b900000, 0x000000008ba00000|  0%| F|  |TAMS 0x000000008b900000, 0x000000008b900000| Untracked 
| 146|0x000000008ba00000, 0x000000008ba00000, 0x000000008bb00000|  0%| F|  |TAMS 0x000000008ba00000, 0x000000008ba00000| Untracked 
| 147|0x000000008bb00000, 0x000000008bb00000, 0x000000008bc00000|  0%| F|  |TAMS 0x000000008bb00000, 0x000000008bb00000| Untracked 
| 148|0x000000008bc00000, 0x000000008bc00000, 0x000000008bd00000|  0%| F|  |TAMS 0x000000008bc00000, 0x000000008bc00000| Untracked 
| 149|0x000000008bd00000, 0x000000008bd00000, 0x000000008be00000|  0%| F|  |TAMS 0x000000008bd00000, 0x000000008bd00000| Untracked 
| 150|0x000000008be00000, 0x000000008be00000, 0x000000008bf00000|  0%| F|  |TAMS 0x000000008be00000, 0x000000008be00000| Untracked 
| 151|0x000000008bf00000, 0x000000008bf00000, 0x000000008c000000|  0%| F|  |TAMS 0x000000008bf00000, 0x000000008bf00000| Untracked 
| 152|0x000000008c000000, 0x000000008c000000, 0x000000008c100000|  0%| F|  |TAMS 0x000000008c000000, 0x000000008c000000| Untracked 
| 153|0x000000008c100000, 0x000000008c100000, 0x000000008c200000|  0%| F|  |TAMS 0x000000008c100000, 0x000000008c100000| Untracked 
| 154|0x000000008c200000, 0x000000008c200000, 0x000000008c300000|  0%| F|  |TAMS 0x000000008c200000, 0x000000008c200000| Untracked 
| 155|0x000000008c300000, 0x000000008c300000, 0x000000008c400000|  0%| F|  |TAMS 0x000000008c300000, 0x000000008c300000| Untracked 
| 156|0x000000008c400000, 0x000000008c400000, 0x000000008c500000|  0%| F|  |TAMS 0x000000008c400000, 0x000000008c400000| Untracked 
| 157|0x000000008c500000, 0x000000008c509aa0, 0x000000008c600000|  3%| S|CS|TAMS 0x000000008c500000, 0x000000008c500000| Complete 
| 158|0x000000008c600000, 0x000000008c700000, 0x000000008c700000|100%| S|CS|TAMS 0x000000008c600000, 0x000000008c600000| Complete 
| 159|0x000000008c700000, 0x000000008c800000, 0x000000008c800000|100%| S|CS|TAMS 0x000000008c700000, 0x000000008c700000| Complete 
| 160|0x000000008c800000, 0x000000008c900000, 0x000000008c900000|100%| S|CS|TAMS 0x000000008c800000, 0x000000008c800000| Complete 
| 161|0x000000008c900000, 0x000000008ca00000, 0x000000008ca00000|100%| S|CS|TAMS 0x000000008c900000, 0x000000008c900000| Complete 
| 162|0x000000008ca00000, 0x000000008cb00000, 0x000000008cb00000|100%| S|CS|TAMS 0x000000008ca00000, 0x000000008ca00000| Complete 
| 163|0x000000008cb00000, 0x000000008cc00000, 0x000000008cc00000|100%| S|CS|TAMS 0x000000008cb00000, 0x000000008cb00000| Complete 
| 164|0x000000008cc00000, 0x000000008cd00000, 0x000000008cd00000|100%| S|CS|TAMS 0x000000008cc00000, 0x000000008cc00000| Complete 
| 165|0x000000008cd00000, 0x000000008cd00000, 0x000000008ce00000|  0%| F|  |TAMS 0x000000008cd00000, 0x000000008cd00000| Untracked 
| 166|0x000000008ce00000, 0x000000008ce00000, 0x000000008cf00000|  0%| F|  |TAMS 0x000000008ce00000, 0x000000008ce00000| Untracked 
| 167|0x000000008cf00000, 0x000000008cf00000, 0x000000008d000000|  0%| F|  |TAMS 0x000000008cf00000, 0x000000008cf00000| Untracked 
| 168|0x000000008d000000, 0x000000008d000000, 0x000000008d100000|  0%| F|  |TAMS 0x000000008d000000, 0x000000008d000000| Untracked 
| 169|0x000000008d100000, 0x000000008d100000, 0x000000008d200000|  0%| F|  |TAMS 0x000000008d100000, 0x000000008d100000| Untracked 
| 170|0x000000008d200000, 0x000000008d200000, 0x000000008d300000|  0%| F|  |TAMS 0x000000008d200000, 0x000000008d200000| Untracked 
| 171|0x000000008d300000, 0x000000008d300000, 0x000000008d400000|  0%| F|  |TAMS 0x000000008d300000, 0x000000008d300000| Untracked 
| 172|0x000000008d400000, 0x000000008d400000, 0x000000008d500000|  0%| F|  |TAMS 0x000000008d400000, 0x000000008d400000| Untracked 
| 173|0x000000008d500000, 0x000000008d500000, 0x000000008d600000|  0%| F|  |TAMS 0x000000008d500000, 0x000000008d500000| Untracked 
| 174|0x000000008d600000, 0x000000008d600000, 0x000000008d700000|  0%| F|  |TAMS 0x000000008d600000, 0x000000008d600000| Untracked 
| 175|0x000000008d700000, 0x000000008d700000, 0x000000008d800000|  0%| F|  |TAMS 0x000000008d700000, 0x000000008d700000| Untracked 
| 176|0x000000008d800000, 0x000000008d800000, 0x000000008d900000|  0%| F|  |TAMS 0x000000008d800000, 0x000000008d800000| Untracked 
| 177|0x000000008d900000, 0x000000008d900000, 0x000000008da00000|  0%| F|  |TAMS 0x000000008d900000, 0x000000008d900000| Untracked 
| 178|0x000000008da00000, 0x000000008da00000, 0x000000008db00000|  0%| F|  |TAMS 0x000000008da00000, 0x000000008da00000| Untracked 
| 179|0x000000008db00000, 0x000000008db00000, 0x000000008dc00000|  0%| F|  |TAMS 0x000000008db00000, 0x000000008db00000| Untracked 
| 180|0x000000008dc00000, 0x000000008dc00000, 0x000000008dd00000|  0%| F|  |TAMS 0x000000008dc00000, 0x000000008dc00000| Untracked 
| 181|0x000000008dd00000, 0x000000008dd00000, 0x000000008de00000|  0%| F|  |TAMS 0x000000008dd00000, 0x000000008dd00000| Untracked 
| 182|0x000000008de00000, 0x000000008de00000, 0x000000008df00000|  0%| F|  |TAMS 0x000000008de00000, 0x000000008de00000| Untracked 
| 183|0x000000008df00000, 0x000000008df00000, 0x000000008e000000|  0%| F|  |TAMS 0x000000008df00000, 0x000000008df00000| Untracked 
| 184|0x000000008e000000, 0x000000008e000000, 0x000000008e100000|  0%| F|  |TAMS 0x000000008e000000, 0x000000008e000000| Untracked 
| 185|0x000000008e100000, 0x000000008e100000, 0x000000008e200000|  0%| F|  |TAMS 0x000000008e100000, 0x000000008e100000| Untracked 
| 186|0x000000008e200000, 0x000000008e200000, 0x000000008e300000|  0%| F|  |TAMS 0x000000008e200000, 0x000000008e200000| Untracked 
| 187|0x000000008e300000, 0x000000008e300000, 0x000000008e400000|  0%| F|  |TAMS 0x000000008e300000, 0x000000008e300000| Untracked 
| 188|0x000000008e400000, 0x000000008e400000, 0x000000008e500000|  0%| F|  |TAMS 0x000000008e400000, 0x000000008e400000| Untracked 
| 189|0x000000008e500000, 0x000000008e500000, 0x000000008e600000|  0%| F|  |TAMS 0x000000008e500000, 0x000000008e500000| Untracked 
| 190|0x000000008e600000, 0x000000008e600000, 0x000000008e700000|  0%| F|  |TAMS 0x000000008e600000, 0x000000008e600000| Untracked 
| 191|0x000000008e700000, 0x000000008e700000, 0x000000008e800000|  0%| F|  |TAMS 0x000000008e700000, 0x000000008e700000| Untracked 
| 192|0x000000008e800000, 0x000000008e800000, 0x000000008e900000|  0%| F|  |TAMS 0x000000008e800000, 0x000000008e800000| Untracked 
| 193|0x000000008e900000, 0x000000008e900000, 0x000000008ea00000|  0%| F|  |TAMS 0x000000008e900000, 0x000000008e900000| Untracked 
| 194|0x000000008ea00000, 0x000000008ea00000, 0x000000008eb00000|  0%| F|  |TAMS 0x000000008ea00000, 0x000000008ea00000| Untracked 
| 195|0x000000008eb00000, 0x000000008eb00000, 0x000000008ec00000|  0%| F|  |TAMS 0x000000008eb00000, 0x000000008eb00000| Untracked 
| 196|0x000000008ec00000, 0x000000008ec00000, 0x000000008ed00000|  0%| F|  |TAMS 0x000000008ec00000, 0x000000008ec00000| Untracked 
| 197|0x000000008ed00000, 0x000000008ed00000, 0x000000008ee00000|  0%| F|  |TAMS 0x000000008ed00000, 0x000000008ed00000| Untracked 
| 198|0x000000008ee00000, 0x000000008ee00000, 0x000000008ef00000|  0%| F|  |TAMS 0x000000008ee00000, 0x000000008ee00000| Untracked 
| 199|0x000000008ef00000, 0x000000008ef00000, 0x000000008f000000|  0%| F|  |TAMS 0x000000008ef00000, 0x000000008ef00000| Untracked 
| 200|0x000000008f000000, 0x000000008f000000, 0x000000008f100000|  0%| F|  |TAMS 0x000000008f000000, 0x000000008f000000| Untracked 
| 201|0x000000008f100000, 0x000000008f100000, 0x000000008f200000|  0%| F|  |TAMS 0x000000008f100000, 0x000000008f100000| Untracked 
| 202|0x000000008f200000, 0x000000008f200000, 0x000000008f300000|  0%| F|  |TAMS 0x000000008f200000, 0x000000008f200000| Untracked 
| 203|0x000000008f300000, 0x000000008f300000, 0x000000008f400000|  0%| F|  |TAMS 0x000000008f300000, 0x000000008f300000| Untracked 
| 204|0x000000008f400000, 0x000000008f400000, 0x000000008f500000|  0%| F|  |TAMS 0x000000008f400000, 0x000000008f400000| Untracked 
| 205|0x000000008f500000, 0x000000008f500000, 0x000000008f600000|  0%| F|  |TAMS 0x000000008f500000, 0x000000008f500000| Untracked 
| 206|0x000000008f600000, 0x000000008f600000, 0x000000008f700000|  0%| F|  |TAMS 0x000000008f600000, 0x000000008f600000| Untracked 
| 207|0x000000008f700000, 0x000000008f700000, 0x000000008f800000|  0%| F|  |TAMS 0x000000008f700000, 0x000000008f700000| Untracked 
| 208|0x000000008f800000, 0x000000008f800000, 0x000000008f900000|  0%| F|  |TAMS 0x000000008f800000, 0x000000008f800000| Untracked 
| 209|0x000000008f900000, 0x000000008f900000, 0x000000008fa00000|  0%| F|  |TAMS 0x000000008f900000, 0x000000008f900000| Untracked 
| 210|0x000000008fa00000, 0x000000008fa00000, 0x000000008fb00000|  0%| F|  |TAMS 0x000000008fa00000, 0x000000008fa00000| Untracked 
| 211|0x000000008fb00000, 0x000000008fb00000, 0x000000008fc00000|  0%| F|  |TAMS 0x000000008fb00000, 0x000000008fb00000| Untracked 
| 212|0x000000008fc00000, 0x000000008fc00000, 0x000000008fd00000|  0%| F|  |TAMS 0x000000008fc00000, 0x000000008fc00000| Untracked 
| 213|0x000000008fd00000, 0x000000008fd00000, 0x000000008fe00000|  0%| F|  |TAMS 0x000000008fd00000, 0x000000008fd00000| Untracked 
| 214|0x000000008fe00000, 0x000000008fe00000, 0x000000008ff00000|  0%| F|  |TAMS 0x000000008fe00000, 0x000000008fe00000| Untracked 
| 215|0x000000008ff00000, 0x000000008ff00000, 0x0000000090000000|  0%| F|  |TAMS 0x000000008ff00000, 0x000000008ff00000| Untracked 
| 216|0x0000000090000000, 0x0000000090000000, 0x0000000090100000|  0%| F|  |TAMS 0x0000000090000000, 0x0000000090000000| Untracked 
| 217|0x0000000090100000, 0x0000000090100000, 0x0000000090200000|  0%| F|  |TAMS 0x0000000090100000, 0x0000000090100000| Untracked 
| 218|0x0000000090200000, 0x0000000090200000, 0x0000000090300000|  0%| F|  |TAMS 0x0000000090200000, 0x0000000090200000| Untracked 
| 219|0x0000000090300000, 0x0000000090300000, 0x0000000090400000|  0%| F|  |TAMS 0x0000000090300000, 0x0000000090300000| Untracked 
| 220|0x0000000090400000, 0x0000000090400000, 0x0000000090500000|  0%| F|  |TAMS 0x0000000090400000, 0x0000000090400000| Untracked 
| 221|0x0000000090500000, 0x0000000090500000, 0x0000000090600000|  0%| F|  |TAMS 0x0000000090500000, 0x0000000090500000| Untracked 
| 222|0x0000000090600000, 0x0000000090600000, 0x0000000090700000|  0%| F|  |TAMS 0x0000000090600000, 0x0000000090600000| Untracked 
| 223|0x0000000090700000, 0x0000000090700000, 0x0000000090800000|  0%| F|  |TAMS 0x0000000090700000, 0x0000000090700000| Untracked 
| 224|0x0000000090800000, 0x0000000090800000, 0x0000000090900000|  0%| F|  |TAMS 0x0000000090800000, 0x0000000090800000| Untracked 
| 225|0x0000000090900000, 0x0000000090900000, 0x0000000090a00000|  0%| F|  |TAMS 0x0000000090900000, 0x0000000090900000| Untracked 
| 226|0x0000000090a00000, 0x0000000090a00000, 0x0000000090b00000|  0%| F|  |TAMS 0x0000000090a00000, 0x0000000090a00000| Untracked 
| 227|0x0000000090b00000, 0x0000000090b00000, 0x0000000090c00000|  0%| F|  |TAMS 0x0000000090b00000, 0x0000000090b00000| Untracked 
| 228|0x0000000090c00000, 0x0000000090c00000, 0x0000000090d00000|  0%| F|  |TAMS 0x0000000090c00000, 0x0000000090c00000| Untracked 
| 229|0x0000000090d00000, 0x0000000090d00000, 0x0000000090e00000|  0%| F|  |TAMS 0x0000000090d00000, 0x0000000090d00000| Untracked 
| 230|0x0000000090e00000, 0x0000000090e00000, 0x0000000090f00000|  0%| F|  |TAMS 0x0000000090e00000, 0x0000000090e00000| Untracked 
| 231|0x0000000090f00000, 0x0000000090f00000, 0x0000000091000000|  0%| F|  |TAMS 0x0000000090f00000, 0x0000000090f00000| Untracked 
| 232|0x0000000091000000, 0x0000000091000000, 0x0000000091100000|  0%| F|  |TAMS 0x0000000091000000, 0x0000000091000000| Untracked 

Card table byte_map: [0x000002d668d60000,0x000002d669150000] _byte_map_base: 0x000002d66894c000

Marking Bits (Prev, Next): (CMBitMap*) 0x000002d6512438b8, (CMBitMap*) 0x000002d6512438f0
 Prev Bits: [0x000002d669540000, 0x000002d66b4a0000)
 Next Bits: [0x000002d66b4a0000, 0x000002d66d400000)

Polling page: 0x000002d6509d0000

Metaspace:

Usage:
  Non-class:     72.75 MB capacity,    70.95 MB ( 98%) used,     1.46 MB (  2%) free+waste,   343.31 KB ( <1%) overhead. 
      Class:     11.57 MB capacity,    10.44 MB ( 90%) used,   990.98 KB (  8%) free+waste,   166.44 KB (  1%) overhead. 
       Both:     84.31 MB capacity,    81.39 MB ( 97%) used,     2.43 MB (  3%) free+waste,   509.75 KB ( <1%) overhead. 

Virtual space:
  Non-class space:       86.00 MB reserved,      72.81 MB ( 85%) committed 
      Class space:        1.00 GB reserved,      11.70 MB (  1%) committed 
             Both:        1.08 GB reserved,      84.51 MB (  8%) committed 

Chunk freelists:
   Non-Class:  67.00 KB
       Class:  27.00 KB
        Both:  94.00 KB

MaxMetaspaceSize: 17179869184.00 GB
CompressedClassSpaceSize: 1.00 GB
Initial GC threshold: 20.80 MB
Current GC threshold: 123.46 MB
CDS: off

CodeHeap 'non-profiled nmethods': size=238912Kb used=14053Kb max_used=14053Kb free=224858Kb
 bounds [0x000002d65a020000, 0x000002d65ade0000, 0x000002d668970000]
CodeHeap 'non-nmethods': size=6848Kb used=1526Kb max_used=1526Kb free=5321Kb
 bounds [0x000002d659970000, 0x000002d659be0000, 0x000002d65a020000]
 total_blobs=9142 nmethods=8358 adapters=718
 compilation: enabled
              stopped_count=0, restarted_count=0
 full_count=0

Compilation events (20 events):
Event: 33.386 Thread 0x000002d6701b0800 8475       1       io.netty.channel.DefaultMaxMessagesRecvByteBufAllocator$MaxMessageHandle::access$200 (5 bytes)
Event: 33.386 Thread 0x000002d6701b0800 nmethod 8475 0x000002d65add5490 code [0x000002d65add5640, 0x000002d65add56d8]
Event: 33.390 Thread 0x000002d6701b0800 8476       1       io.quarkus.deployment.dev.QuarkusCompiler::allHandledExtensions (5 bytes)
Event: 33.390 Thread 0x000002d6701b0800 nmethod 8476 0x000002d65add5790 code [0x000002d65add5940, 0x000002d65add59f8]
Event: 33.392 Thread 0x000002d6701b0800 8477       1       sun.nio.fs.WindowsFileSystemProvider::newDirectoryStream (31 bytes)
Event: 33.393 Thread 0x000002d6701b0800 nmethod 8477 0x000002d65add5a90 code [0x000002d65add5ce0, 0x000002d65add6248]
Event: 33.393 Thread 0x000002d6701b0800 8478   !   1       sun.nio.fs.WindowsDirectoryStream::iterator (66 bytes)
Event: 33.394 Thread 0x000002d6701b0800 nmethod 8478 0x000002d65add6610 code [0x000002d65add6820, 0x000002d65add6d08]
Event: 33.394 Thread 0x000002d6701b0800 8479       1       sun.nio.fs.WindowsDirectoryStream$WindowsDirectoryIterator::<init> (73 bytes)
Event: 33.395 Thread 0x000002d6701b0800 nmethod 8479 0x000002d65add6f90 code [0x000002d65add71a0, 0x000002d65add7698]
Event: 33.395 Thread 0x000002d6701b0800 8480       1       sun.nio.fs.WindowsPath::needsSlashWhenResolving (37 bytes)
Event: 33.395 Thread 0x000002d6701b0800 nmethod 8480 0x000002d65add7910 code [0x000002d65add7ae0, 0x000002d65add7c68]
Event: 33.408 Thread 0x000002d6701b0800 8481       1       java.nio.file.Path::resolve (21 bytes)
Event: 33.408 Thread 0x000002d6701b0800 nmethod 8481 0x000002d65add7e10 code [0x000002d65add7fe0, 0x000002d65add81a8]
Event: 33.409 Thread 0x000002d6701b0800 8482       1       java.io.IOException::<init> (6 bytes)
Event: 33.409 Thread 0x000002d6701b0800 nmethod 8482 0x000002d65add8290 code [0x000002d65add8440, 0x000002d65add8528]
Event: 33.412 Thread 0x000002d6701b0800 8483       1       io.vertx.ext.web.impl.RouteState::pathMatchesExact (57 bytes)
Event: 33.415 Thread 0x000002d6701b0800 nmethod 8483 0x000002d65add8610 code [0x000002d65add8820, 0x000002d65add8c08]
Event: 33.427 Thread 0x000002d6701b0800 8484       1       sun.security.provider.HashDrbg::addBytes (130 bytes)
Event: 33.427 Thread 0x000002d6701b0800 nmethod 8484 0x000002d65add8f10 code [0x000002d65add90c0, 0x000002d65add9278]

GC Heap History (20 events):
Event: 8.309 GC heap before
{Heap before GC invocations=9 (full 0):
 garbage-first heap   total 155648K, used 94230K [0x0000000082800000, 0x0000000100000000)
  region size 1024K, 57 young (58368K), 5 survivors (5120K)
 Metaspace       used 25468K, capacity 26415K, committed 26568K, reserved 1073152K
  class space    used 2904K, capacity 3296K, committed 3324K, reserved 1048576K
}
Event: 8.341 GC heap after
{Heap after GC invocations=10 (full 0):
 garbage-first heap   total 155648K, used 45099K [0x0000000082800000, 0x0000000100000000)
  region size 1024K, 8 young (8192K), 8 survivors (8192K)
 Metaspace       used 25468K, capacity 26415K, committed 26568K, reserved 1073152K
  class space    used 2904K, capacity 3296K, committed 3324K, reserved 1048576K
}
Event: 9.697 GC heap before
{Heap before GC invocations=11 (full 0):
 garbage-first heap   total 155648K, used 111659K [0x0000000082800000, 0x0000000100000000)
  region size 1024K, 74 young (75776K), 8 survivors (8192K)
 Metaspace       used 31361K, capacity 32777K, committed 32968K, reserved 1077248K
  class space    used 3620K, capacity 4202K, committed 4348K, reserved 1048576K
}
Event: 9.730 GC heap after
{Heap after GC invocations=12 (full 0):
 garbage-first heap   total 187392K, used 48148K [0x0000000082800000, 0x0000000100000000)
  region size 1024K, 8 young (8192K), 8 survivors (8192K)
 Metaspace       used 31361K, capacity 32777K, committed 32968K, reserved 1077248K
  class space    used 3620K, capacity 4202K, committed 4348K, reserved 1048576K
}
Event: 10.644 GC heap before
{Heap before GC invocations=12 (full 0):
 garbage-first heap   total 187392K, used 133140K [0x0000000082800000, 0x0000000100000000)
  region size 1024K, 92 young (94208K), 8 survivors (8192K)
 Metaspace       used 35592K, capacity 37600K, committed 37832K, reserved 1081344K
  class space    used 4296K, capacity 5080K, committed 5116K, reserved 1048576K
}
Event: 10.686 GC heap after
{Heap after GC invocations=13 (full 0):
 garbage-first heap   total 187392K, used 59616K [0x0000000082800000, 0x0000000100000000)
  region size 1024K, 12 young (12288K), 12 survivors (12288K)
 Metaspace       used 35592K, capacity 37600K, committed 37832K, reserved 1081344K
  class space    used 4296K, capacity 5080K, committed 5116K, reserved 1048576K
}
Event: 11.909 GC heap before
{Heap before GC invocations=13 (full 0):
 garbage-first heap   total 187392K, used 136416K [0x0000000082800000, 0x0000000100000000)
  region size 1024K, 88 young (90112K), 12 survivors (12288K)
 Metaspace       used 41961K, capacity 44428K, committed 44616K, reserved 1087488K
  class space    used 5409K, capacity 6377K, committed 6524K, reserved 1048576K
}
Event: 11.948 GC heap after
{Heap after GC invocations=14 (full 0):
 garbage-first heap   total 187392K, used 63813K [0x0000000082800000, 0x0000000100000000)
  region size 1024K, 5 young (5120K), 5 survivors (5120K)
 Metaspace       used 41961K, capacity 44428K, committed 44616K, reserved 1087488K
  class space    used 5409K, capacity 6377K, committed 6524K, reserved 1048576K
}
Event: 11.975 GC heap before
{Heap before GC invocations=14 (full 0):
 garbage-first heap   total 187392K, used 66885K [0x0000000082800000, 0x0000000100000000)
  region size 1024K, 10 young (10240K), 5 survivors (5120K)
 Metaspace       used 42038K, capacity 44428K, committed 44616K, reserved 1087488K
  class space    used 5418K, capacity 6377K, committed 6524K, reserved 1048576K
}
Event: 11.988 GC heap after
{Heap after GC invocations=15 (full 0):
 garbage-first heap   total 187392K, used 63573K [0x0000000082800000, 0x0000000100000000)
  region size 1024K, 5 young (5120K), 5 survivors (5120K)
 Metaspace       used 42038K, capacity 44428K, committed 44616K, reserved 1087488K
  class space    used 5418K, capacity 6377K, committed 6524K, reserved 1048576K
}
Event: 15.859 GC heap before
{Heap before GC invocations=16 (full 0):
 garbage-first heap   total 187392K, used 131157K [0x0000000082800000, 0x0000000100000000)
  region size 1024K, 75 young (76800K), 5 survivors (5120K)
 Metaspace       used 47565K, capacity 49930K, committed 50288K, reserved 1093632K
  class space    used 6123K, capacity 7064K, committed 7164K, reserved 1048576K
}
Event: 15.878 GC heap after
{Heap after GC invocations=17 (full 0):
 garbage-first heap   total 238592K, used 62277K [0x0000000082800000, 0x0000000100000000)
  region size 1024K, 6 young (6144K), 6 survivors (6144K)
 Metaspace       used 47565K, capacity 49930K, committed 50288K, reserved 1093632K
  class space    used 6123K, capacity 7064K, committed 7164K, reserved 1048576K
}
Event: 15.994 GC heap before
{Heap before GC invocations=17 (full 0):
 garbage-first heap   total 238592K, used 67397K [0x0000000082800000, 0x0000000100000000)
  region size 1024K, 11 young (11264K), 6 survivors (6144K)
 Metaspace       used 47641K, capacity 50065K, committed 50288K, reserved 1093632K
  class space    used 6137K, capacity 7105K, committed 7164K, reserved 1048576K
}
Event: 16.011 GC heap after
{Heap after GC invocations=18 (full 0):
 garbage-first heap   total 238592K, used 63741K [0x0000000082800000, 0x0000000100000000)
  region size 1024K, 2 young (2048K), 2 survivors (2048K)
 Metaspace       used 47641K, capacity 50065K, committed 50288K, reserved 1093632K
  class space    used 6137K, capacity 7105K, committed 7164K, reserved 1048576K
}
Event: 18.531 GC heap before
{Heap before GC invocations=18 (full 0):
 garbage-first heap   total 238592K, used 162045K [0x0000000082800000, 0x0000000100000000)
  region size 1024K, 99 young (101376K), 2 survivors (2048K)
 Metaspace       used 60009K, capacity 62783K, committed 63088K, reserved 1103872K
  class space    used 7803K, capacity 8833K, committed 8956K, reserved 1048576K
}
Event: 18.553 GC heap after
{Heap after GC invocations=19 (full 0):
 garbage-first heap   total 238592K, used 71051K [0x0000000082800000, 0x0000000100000000)
  region size 1024K, 9 young (9216K), 9 survivors (9216K)
 Metaspace       used 60009K, capacity 62783K, committed 63088K, reserved 1103872K
  class space    used 7803K, capacity 8833K, committed 8956K, reserved 1048576K
}
Event: 21.114 GC heap before
{Heap before GC invocations=19 (full 0):
 garbage-first heap   total 238592K, used 133515K [0x0000000082800000, 0x0000000100000000)
  region size 1024K, 72 young (73728K), 9 survivors (9216K)
 Metaspace       used 72078K, capacity 74968K, committed 75068K, reserved 1114112K
  class space    used 9312K, capacity 10436K, committed 10492K, reserved 1048576K
}
Event: 21.146 GC heap after
{Heap after GC invocations=20 (full 0):
 garbage-first heap   total 238592K, used 74627K [0x0000000082800000, 0x0000000100000000)
  region size 1024K, 4 young (4096K), 4 survivors (4096K)
 Metaspace       used 72078K, capacity 74968K, committed 75068K, reserved 1114112K
  class space    used 9312K, capacity 10436K, committed 10492K, reserved 1048576K
}
Event: 33.441 GC heap before
{Heap before GC invocations=21 (full 0):
 garbage-first heap   total 238592K, used 138115K [0x0000000082800000, 0x0000000100000000)
  region size 1024K, 68 young (69632K), 4 survivors (4096K)
 Metaspace       used 83342K, capacity 86338K, committed 86536K, reserved 1134592K
  class space    used 10687K, capacity 11845K, committed 11976K, reserved 1048576K
}
Event: 33.465 GC heap after
{Heap after GC invocations=22 (full 0):
 garbage-first heap   total 238592K, used 78066K [0x0000000082800000, 0x0000000100000000)
  region size 1024K, 8 young (8192K), 8 survivors (8192K)
 Metaspace       used 83342K, capacity 86338K, committed 86536K, reserved 1134592K
  class space    used 10687K, capacity 11845K, committed 11976K, reserved 1048576K
}

Deoptimization events (20 events):
Event: 33.411 Thread 0x000002d673e56800 DEOPT PACKING pc=0x000002d65a1aadac sp=0x000000f180cfea40
Event: 33.411 Thread 0x000002d673e56800 DEOPT UNPACKING pc=0x000002d6599ba95e sp=0x000000f180cfdf00 mode 1
Event: 33.411 Thread 0x000002d673e56800 DEOPT PACKING pc=0x000002d65a1aa8d4 sp=0x000000f180cfeac0
Event: 33.411 Thread 0x000002d673e56800 DEOPT UNPACKING pc=0x000002d6599ba95e sp=0x000000f180cfdf98 mode 1
Event: 33.411 Thread 0x000002d673e56800 DEOPT PACKING pc=0x000002d65a2cbb64 sp=0x000000f180cfe810
Event: 33.411 Thread 0x000002d673e56800 DEOPT UNPACKING pc=0x000002d6599ba95e sp=0x000000f180cfdd38 mode 1
Event: 33.411 Thread 0x000002d673e56800 DEOPT PACKING pc=0x000002d65a3de9ec sp=0x000000f180cfe9b0
Event: 33.411 Thread 0x000002d673e56800 DEOPT UNPACKING pc=0x000002d6599ba95e sp=0x000000f180cfde38 mode 1
Event: 33.411 Thread 0x000002d673e56800 DEOPT PACKING pc=0x000002d65a1aadac sp=0x000000f180cfea40
Event: 33.411 Thread 0x000002d673e56800 DEOPT UNPACKING pc=0x000002d6599ba95e sp=0x000000f180cfdf00 mode 1
Event: 33.411 Thread 0x000002d673e56800 DEOPT PACKING pc=0x000002d65a1aa8d4 sp=0x000000f180cfeac0
Event: 33.411 Thread 0x000002d673e56800 DEOPT UNPACKING pc=0x000002d6599ba95e sp=0x000000f180cfdf98 mode 1
Event: 33.412 Thread 0x000002d673e56800 DEOPT PACKING pc=0x000002d65a2cbb64 sp=0x000000f180cfe810
Event: 33.412 Thread 0x000002d673e56800 DEOPT UNPACKING pc=0x000002d6599ba95e sp=0x000000f180cfdd38 mode 1
Event: 33.412 Thread 0x000002d673e56800 DEOPT PACKING pc=0x000002d65a3de9ec sp=0x000000f180cfe9b0
Event: 33.412 Thread 0x000002d673e56800 DEOPT UNPACKING pc=0x000002d6599ba95e sp=0x000000f180cfde38 mode 1
Event: 33.412 Thread 0x000002d673e56800 DEOPT PACKING pc=0x000002d65a1aadac sp=0x000000f180cfea40
Event: 33.412 Thread 0x000002d673e56800 DEOPT UNPACKING pc=0x000002d6599ba95e sp=0x000000f180cfdf00 mode 1
Event: 33.412 Thread 0x000002d673e56800 DEOPT PACKING pc=0x000002d65a1aa8d4 sp=0x000000f180cfeac0
Event: 33.412 Thread 0x000002d673e56800 DEOPT UNPACKING pc=0x000002d6599ba95e sp=0x000000f180cfdf98 mode 1

Classes redefined (0 events):
No events

Internal exceptions (20 events):
Event: 33.404 Thread 0x000002d673e56800 Exception <a 'sun/nio/fs/WindowsException'{0x000000008d2c5d58}> (0x000000008d2c5d58) thrown at [./src/hotspot/share/prims/jni.cpp, line 617]
Event: 33.405 Thread 0x000002d673e56800 Exception <a 'sun/nio/fs/WindowsException'{0x000000008d2c8548}> (0x000000008d2c8548) thrown at [./src/hotspot/share/prims/jni.cpp, line 617]
Event: 33.406 Thread 0x000002d673e56800 Exception <a 'sun/nio/fs/WindowsException'{0x000000008d2c8fe0}> (0x000000008d2c8fe0) thrown at [./src/hotspot/share/prims/jni.cpp, line 617]
Event: 33.406 Thread 0x000002d673e56800 Exception <a 'sun/nio/fs/WindowsException'{0x000000008d2c9a28}> (0x000000008d2c9a28) thrown at [./src/hotspot/share/prims/jni.cpp, line 617]
Event: 33.406 Thread 0x000002d673e56800 Exception <a 'sun/nio/fs/WindowsException'{0x000000008d2ca550}> (0x000000008d2ca550) thrown at [./src/hotspot/share/prims/jni.cpp, line 617]
Event: 33.407 Thread 0x000002d673e56800 Exception <a 'sun/nio/fs/WindowsException'{0x000000008d2cb078}> (0x000000008d2cb078) thrown at [./src/hotspot/share/prims/jni.cpp, line 617]
Event: 33.407 Thread 0x000002d673e56800 Exception <a 'sun/nio/fs/WindowsException'{0x000000008d2cc198}> (0x000000008d2cc198) thrown at [./src/hotspot/share/prims/jni.cpp, line 617]
Event: 33.407 Thread 0x000002d673e56800 Exception <a 'sun/nio/fs/WindowsException'{0x000000008d2cd008}> (0x000000008d2cd008) thrown at [./src/hotspot/share/prims/jni.cpp, line 617]
Event: 33.407 Thread 0x000002d673e56800 Exception <a 'sun/nio/fs/WindowsException'{0x000000008d2cda90}> (0x000000008d2cda90) thrown at [./src/hotspot/share/prims/jni.cpp, line 617]
Event: 33.408 Thread 0x000002d673e56800 Exception <a 'sun/nio/fs/WindowsException'{0x000000008d2ced68}> (0x000000008d2ced68) thrown at [./src/hotspot/share/prims/jni.cpp, line 617]
Event: 33.408 Thread 0x000002d673e56800 Exception <a 'sun/nio/fs/WindowsException'{0x000000008d2cfd00}> (0x000000008d2cfd00) thrown at [./src/hotspot/share/prims/jni.cpp, line 617]
Event: 33.409 Thread 0x000002d673e56800 Exception <a 'sun/nio/fs/WindowsException'{0x000000008d2d0738}> (0x000000008d2d0738) thrown at [./src/hotspot/share/prims/jni.cpp, line 617]
Event: 33.409 Thread 0x000002d673e56800 Exception <a 'sun/nio/fs/WindowsException'{0x000000008d2d1170}> (0x000000008d2d1170) thrown at [./src/hotspot/share/prims/jni.cpp, line 617]
Event: 33.409 Thread 0x000002d673e56800 Exception <a 'sun/nio/fs/WindowsException'{0x000000008d2d1c58}> (0x000000008d2d1c58) thrown at [./src/hotspot/share/prims/jni.cpp, line 617]
Event: 33.410 Thread 0x000002d673e56800 Exception <a 'sun/nio/fs/WindowsException'{0x000000008d2d2740}> (0x000000008d2d2740) thrown at [./src/hotspot/share/prims/jni.cpp, line 617]
Event: 33.411 Thread 0x000002d673e56800 Exception <a 'sun/nio/fs/WindowsException'{0x000000008d2d3268}> (0x000000008d2d3268) thrown at [./src/hotspot/share/prims/jni.cpp, line 617]
Event: 33.411 Thread 0x000002d673e56800 Exception <a 'sun/nio/fs/WindowsException'{0x000000008d2d3cb0}> (0x000000008d2d3cb0) thrown at [./src/hotspot/share/prims/jni.cpp, line 617]
Event: 33.411 Thread 0x000002d673e56800 Exception <a 'sun/nio/fs/WindowsException'{0x000000008d2d46b8}> (0x000000008d2d46b8) thrown at [./src/hotspot/share/prims/jni.cpp, line 617]
Event: 33.411 Thread 0x000002d673e56800 Exception <a 'sun/nio/fs/WindowsException'{0x000000008d2d5140}> (0x000000008d2d5140) thrown at [./src/hotspot/share/prims/jni.cpp, line 617]
Event: 33.412 Thread 0x000002d673e56800 Exception <a 'sun/nio/fs/WindowsException'{0x000000008d2d6050}> (0x000000008d2d6050) thrown at [./src/hotspot/share/prims/jni.cpp, line 617]

Events (20 events):
Event: 33.419 loading class io/vertx/core/http/impl/Http1xServerRequest done
Event: 33.419 loading class io/vertx/core/http/impl/Http1xServerConnection
Event: 33.419 loading class io/vertx/core/http/impl/Http1xServerConnection done
Event: 33.427 loading class io/vertx/core/http/impl/ws/WebSocketFrameInternal
Event: 33.427 loading class io/vertx/core/http/impl/ws/WebSocketFrameInternal done
Event: 33.427 loading class io/vertx/core/http/impl/ws/WebSocketFrameInternal
Event: 33.427 loading class io/vertx/core/http/impl/ws/WebSocketFrameInternal done
Event: 33.427 loading class io/vertx/core/http/impl/WebSocketImplBase
Event: 33.427 loading class io/vertx/core/http/impl/WebSocketImplBase done
Event: 33.428 loading class io/vertx/core/http/impl/Http1xConnectionBase
Event: 33.428 loading class io/vertx/core/http/impl/Http1xConnectionBase done
Event: 33.428 loading class io/vertx/core/http/impl/Http1xConnectionBase
Event: 33.428 loading class io/vertx/core/http/impl/Http1xConnectionBase done
Event: 33.428 loading class io/vertx/core/Promise
Event: 33.428 loading class io/vertx/core/Promise done
Event: 33.428 loading class io/vertx/core/AsyncResult
Event: 33.428 loading class io/vertx/core/AsyncResult done
Event: 33.428 loading class io/vertx/core/http/impl/ServerWebSocketImpl
Event: 33.428 loading class io/vertx/core/http/impl/ServerWebSocketImpl done
Event: 33.441 Executing VM operation: CollectForMetadataAllocation


Dynamic libraries:
0x00007ff6440d0000 - 0x00007ff6440dd000 	C:\Users\The D\.jbang\cache\jdks\11\bin\java.EXE
0x00007ffdd70f0000 - 0x00007ffdd7304000 	C:\WINDOWS\SYSTEM32\ntdll.dll
0x00007ffda75c0000 - 0x00007ffda75d9000 	C:\Program Files\Avast Software\Avast\aswhook.dll
0x00007ffdd5080000 - 0x00007ffdd5143000 	C:\WINDOWS\System32\KERNEL32.DLL
0x00007ffdd4980000 - 0x00007ffdd4d1c000 	C:\WINDOWS\System32\KERNELBASE.dll
0x00007ffdd4d20000 - 0x00007ffdd4e31000 	C:\WINDOWS\System32\ucrtbase.dll
0x00007ffda6920000 - 0x00007ffda6937000 	C:\Users\The D\.jbang\cache\jdks\11\bin\jli.dll
0x00007ffdd5710000 - 0x00007ffdd58bd000 	C:\WINDOWS\System32\USER32.dll
0x00007ffdd4950000 - 0x00007ffdd4976000 	C:\WINDOWS\System32\win32u.dll
0x00007ffdd5a30000 - 0x00007ffdd5a59000 	C:\WINDOWS\System32\GDI32.dll
0x00007ffdd4620000 - 0x00007ffdd4733000 	C:\WINDOWS\System32\gdi32full.dll
0x00007ffdd48b0000 - 0x00007ffdd494a000 	C:\WINDOWS\System32\msvcp_win.dll
0x00007ffda6900000 - 0x00007ffda6919000 	C:\Users\The D\.jbang\cache\jdks\11\bin\VCRUNTIME140.dll
0x00007ffdb1ce0000 - 0x00007ffdb1f6e000 	C:\WINDOWS\WinSxS\amd64_microsoft.windows.common-controls_6595b64144ccf1df_6.0.22621.608_none_a9444ca7c10bb01d\COMCTL32.dll
0x00007ffdd4f00000 - 0x00007ffdd4fa7000 	C:\WINDOWS\System32\msvcrt.dll
0x00007ffdd58c0000 - 0x00007ffdd58f1000 	C:\WINDOWS\System32\IMM32.DLL
0x00007ffdb9c50000 - 0x00007ffdb9c5c000 	C:\Users\The D\.jbang\cache\jdks\11\bin\vcruntime140_1.dll
0x00007ffd46360000 - 0x00007ffd463f1000 	C:\Users\The D\.jbang\cache\jdks\11\bin\msvcp140.dll
0x00007ffd2a9c0000 - 0x00007ffd2b57a000 	C:\Users\The D\.jbang\cache\jdks\11\bin\server\jvm.dll
0x00007ffdd5a60000 - 0x00007ffdd5b0e000 	C:\WINDOWS\System32\ADVAPI32.dll
0x00007ffdd4fb0000 - 0x00007ffdd5054000 	C:\WINDOWS\System32\sechost.dll
0x00007ffdd6f90000 - 0x00007ffdd70a5000 	C:\WINDOWS\System32\RPCRT4.dll
0x00007ffdd5920000 - 0x00007ffdd5928000 	C:\WINDOWS\System32\PSAPI.DLL
0x00007ffdbe310000 - 0x00007ffdbe319000 	C:\WINDOWS\SYSTEM32\WSOCK32.dll
0x00007ffdd5ba0000 - 0x00007ffdd5c11000 	C:\WINDOWS\System32\WS2_32.dll
0x00007ffdd2350000 - 0x00007ffdd2384000 	C:\WINDOWS\SYSTEM32\WINMM.dll
0x00007ffdc39e0000 - 0x00007ffdc39ea000 	C:\WINDOWS\SYSTEM32\VERSION.dll
0x00007ffdd3540000 - 0x00007ffdd3558000 	C:\WINDOWS\SYSTEM32\kernel.appcore.dll
0x00007ffdb9880000 - 0x00007ffdb9890000 	C:\Users\The D\.jbang\cache\jdks\11\bin\verify.dll
0x00007ffdd1c30000 - 0x00007ffdd1e5e000 	C:\WINDOWS\SYSTEM32\DBGHELP.DLL
0x00007ffdd6630000 - 0x00007ffdd69b9000 	C:\WINDOWS\System32\combase.dll
0x00007ffdd6a20000 - 0x00007ffdd6af7000 	C:\WINDOWS\System32\OLEAUT32.dll
0x00007ffdc4620000 - 0x00007ffdc4652000 	C:\WINDOWS\SYSTEM32\dbgcore.DLL
0x00007ffdd45a0000 - 0x00007ffdd461b000 	C:\WINDOWS\System32\bcryptPrimitives.dll
0x00007ffda0340000 - 0x00007ffda0368000 	C:\Users\The D\.jbang\cache\jdks\11\bin\java.dll
0x00007ffdae900000 - 0x00007ffdae90a000 	C:\Users\The D\.jbang\cache\jdks\11\bin\jimage.dll
0x00007ffdad030000 - 0x00007ffdad03e000 	C:\Users\The D\.jbang\cache\jdks\11\bin\instrument.dll
0x00007ffd96240000 - 0x00007ffd96278000 	C:\Users\The D\.jbang\cache\jdks\11\bin\jdwp.dll
0x00007ffda0320000 - 0x00007ffda0338000 	C:\Users\The D\.jbang\cache\jdks\11\bin\zip.dll
0x00007ffdd5e40000 - 0x00007ffdd6630000 	C:\WINDOWS\System32\SHELL32.dll
0x00007ffdd24f0000 - 0x00007ffdd2dbe000 	C:\WINDOWS\SYSTEM32\windows.storage.dll
0x00007ffdd23b0000 - 0x00007ffdd24ee000 	C:\WINDOWS\SYSTEM32\wintypes.dll
0x00007ffdd5270000 - 0x00007ffdd5361000 	C:\WINDOWS\System32\SHCORE.dll
0x00007ffdd56b0000 - 0x00007ffdd570e000 	C:\WINDOWS\System32\shlwapi.dll
0x00007ffdd4460000 - 0x00007ffdd4481000 	C:\WINDOWS\SYSTEM32\profapi.dll
0x00007ffd9e640000 - 0x00007ffd9e659000 	C:\Users\The D\.jbang\cache\jdks\11\bin\net.dll
0x00007ffdc5510000 - 0x00007ffdc563f000 	C:\WINDOWS\SYSTEM32\WINHTTP.dll
0x00007ffdd3a20000 - 0x00007ffdd3a89000 	C:\WINDOWS\system32\mswsock.dll
0x00007ffd9d930000 - 0x00007ffd9d943000 	C:\Users\The D\.jbang\cache\jdks\11\bin\nio.dll
0x00007ffdacf60000 - 0x00007ffdacf6a000 	C:\Users\The D\.jbang\cache\jdks\11\bin\dt_socket.dll
0x00007ffdd3080000 - 0x00007ffdd3173000 	C:\WINDOWS\SYSTEM32\DNSAPI.dll
0x00007ffdd3010000 - 0x00007ffdd303d000 	C:\WINDOWS\SYSTEM32\IPHLPAPI.DLL
0x00007ffdd5b10000 - 0x00007ffdd5b19000 	C:\WINDOWS\System32\NSI.dll
0x00007ffdc0620000 - 0x00007ffdc06a3000 	C:\WINDOWS\System32\fwpuclnt.dll
0x00007ffdc02a0000 - 0x00007ffdc02aa000 	C:\Windows\System32\rasadhlp.dll
0x00007ffdaab50000 - 0x00007ffdaab59000 	C:\Users\The D\.jbang\cache\jdks\11\bin\management.dll
0x00007ffda90c0000 - 0x00007ffda90cb000 	C:\Users\The D\.jbang\cache\jdks\11\bin\management_ext.dll
0x00007ffda8ee0000 - 0x00007ffda8eea000 	C:\Users\The D\apache-maven-3.8.7\lib\jansi-native\jansi-1.18-93fa3188adb8407f81dad04d08abc8192e4e380d.dll
0x00007ffdd3cc0000 - 0x00007ffdd3cdb000 	C:\WINDOWS\SYSTEM32\CRYPTSP.dll
0x00007ffdd34b0000 - 0x00007ffdd34e5000 	C:\WINDOWS\system32\rsaenh.dll
0x00007ffdd3af0000 - 0x00007ffdd3b18000 	C:\WINDOWS\SYSTEM32\USERENV.dll
0x00007ffdd3ee0000 - 0x00007ffdd3f08000 	C:\WINDOWS\SYSTEM32\bcrypt.dll
0x00007ffdd3ce0000 - 0x00007ffdd3cec000 	C:\WINDOWS\SYSTEM32\CRYPTBASE.dll
0x00007ffdc15f0000 - 0x00007ffdc1609000 	C:\WINDOWS\SYSTEM32\dhcpcsvc6.DLL
0x00007ffdc15d0000 - 0x00007ffdc15ef000 	C:\WINDOWS\SYSTEM32\dhcpcsvc.DLL
0x00007ffdb6870000 - 0x00007ffdb6887000 	C:\WINDOWS\system32\napinsp.dll
0x00007ffdb6850000 - 0x00007ffdb686b000 	C:\WINDOWS\system32\pnrpnsp.dll
0x00007ffdb6830000 - 0x00007ffdb6841000 	C:\WINDOWS\System32\winrnr.dll
0x00007ffdc0b70000 - 0x00007ffdc0b85000 	C:\WINDOWS\system32\wshbth.dll
0x00007ffdb6800000 - 0x00007ffdb6821000 	C:\WINDOWS\system32\nlansp_c.dll
0x00007ffd9c400000 - 0x00007ffd9c427000 	C:\Users\The D\.jbang\cache\jdks\11\bin\sunec.dll
0x00007ffda8e80000 - 0x00007ffda8e8e000 	C:\Users\The D\.jbang\cache\jdks\11\bin\sunmscapi.dll
0x00007ffdd4740000 - 0x00007ffdd48a6000 	C:\WINDOWS\System32\CRYPT32.dll
0x00007ffdd3eb0000 - 0x00007ffdd3edd000 	C:\WINDOWS\SYSTEM32\ncrypt.dll
0x00007ffdd3e70000 - 0x00007ffdd3ea7000 	C:\WINDOWS\SYSTEM32\NTASN1.dll

dbghelp: loaded successfully - version: 4.0.5 - missing functions: none
symbol engine: initialized successfully - sym options: 0x614 - pdb path: .;C:\Users\The D\.jbang\cache\jdks\11\bin;C:\WINDOWS\SYSTEM32;C:\Program Files\Avast Software\Avast;C:\WINDOWS\WinSxS\amd64_microsoft.windows.common-controls_6595b64144ccf1df_6.0.22621.608_none_a9444ca7c10bb01d;C:\Users\The D\.jbang\cache\jdks\11\bin\server;C:\Users\The D\apache-maven-3.8.7\lib\jansi-native

VM Arguments:
jvm_args: -Xverify:none -Dio.quarkus.force-color-support=true -Dquarkus-internal.serialized-app-model.path=C:\Users\The D\Desktop\BowlIn\Sources\API\Quarkus\target\quarkus\bootstrap\dev-app-model.dat -javaagent:C:\Users\The D\.m2\repository\io\quarkus\quarkus-class-change-agent\2.16.0.Final\quarkus-class-change-agent-2.16.0.Final.jar -XX:TieredStopAtLevel=1 -agentlib:jdwp=transport=dt_socket,address=localhost:5005,server=y,suspend=n -Djava.util.logging.manager=org.jboss.logmanager.LogManager 
java_command: C:\Users\The D\Desktop\BowlIn\Sources\API\Quarkus\target\BowlApi-dev.jar
java_class_path (initial): C:\Users\The D\Desktop\BowlIn\Sources\API\Quarkus\target\BowlApi-dev.jar
Launcher Type: SUN_STANDARD

[Global flags]
     bool BytecodeVerificationLocal                = false                                     {product} {command line}
     bool BytecodeVerificationRemote               = false                                     {product} {command line}
     intx CICompilerCount                          = 3                                         {product} {ergonomic}
     uint ConcGCThreads                            = 1                                         {product} {ergonomic}
     uint G1ConcRefinementThreads                  = 4                                         {product} {ergonomic}
   size_t G1HeapRegionSize                         = 1048576                                   {product} {ergonomic}
    uintx GCDrainStackTargetSize                   = 64                                        {product} {ergonomic}
   size_t InitialHeapSize                          = 132120576                                 {product} {ergonomic}
   size_t MarkStackSize                            = 4194304                                   {product} {ergonomic}
   size_t MaxHeapSize                              = 2105540608                                {product} {ergonomic}
   size_t MaxNewSize                               = 1262485504                                {product} {ergonomic}
   size_t MinHeapDeltaBytes                        = 1048576                                   {product} {ergonomic}
    uintx NonNMethodCodeHeapSize                   = 6973028                                {pd product} {ergonomic}
    uintx NonProfiledCodeHeapSize                  = 244685212                              {pd product} {ergonomic}
    uintx ProfiledCodeHeapSize                     = 0                                      {pd product} {ergonomic}
    uintx ReservedCodeCacheSize                    = 251658240                              {pd product} {ergonomic}
     bool SegmentedCodeCache                       = true                                      {product} {ergonomic}
     intx TieredStopAtLevel                        = 1                                         {product} {command line}
     bool UseCompressedClassPointers               = true                                 {lp64_product} {ergonomic}
     bool UseCompressedOops                        = true                                 {lp64_product} {ergonomic}
     bool UseG1GC                                  = true                                      {product} {ergonomic}
     bool UseLargePagesIndividualAllocation        = false                                  {pd product} {ergonomic}

Logging:
Log output configuration:
 #0: stdout all=warning uptime,level,tags
 #1: stderr all=off uptime,level,tags

Environment Variables:
JAVA_HOME=C:\Users\The D\.jbang\cache\jdks\11
PATH=C:\Program Files (x86)\Common Files\Oracle\Java\javapath;C:\Windows\System32\HWAudioDriverLibs;C:\WINDOWS\system32;C:\WINDOWS;C:\WINDOWS\System32\Wbem;C:\WINDOWS\System32\WindowsPowerShell\v1.0\;C:\WINDOWS\System32\OpenSSH\;C:\Program Files\PuTTY\;C:\WINDOWS\system32\config\systemprofile\AppData\Local\Microsoft\WindowsApps;C:\Program Files\Git\cmd;C:\Program Files\TortoiseGit\bin;C:\Users\The D\AppData\Roaming\nvm;C:\Program Files\nodejs;C:\Program Files\Microsoft SQL Server\130\Tools\Binn\;C:\Program Files\Microsoft SQL Server\150\Tools\Binn\;C:\Program Files\Microsoft SQL Server\Client SDK\ODBC\170\Tools\Binn\;C:\Program Files\dotnet\;C:\WINDOWS\system32;C:\WINDOWS;C:\WINDOWS\System32\Wbem;C:\WINDOWS\System32\WindowsPowerShell\v1.0\;C:\WINDOWS\System32\OpenSSH\;C:\Users\The D\AppData\Local\Microsoft\WindowsApps;C:\Users\The D\AppData\Local\Programs\Microsoft VS Code\bin;C:\MinGW\bin;C:\src\flutter\bin;C:\Users\The D\AppData\Roaming\nvm;C:\Program Files\nodejs;C:\Users\The D\apache-maven-3.8.7\bin;C:\Users\The D\.dotnet\tools;
USERNAME=The D
OS=Windows_NT
PROCESSOR_IDENTIFIER=Intel64 Family 6 Model 142 Stepping 12, GenuineIntel
TMP=C:\Users\THED~1\AppData\Local\Temp
TEMP=C:\Users\THED~1\AppData\Local\Temp



---------------  S Y S T E M  ---------------

OS: Windows 11 , 64 bit Build 22621 (10.0.22621.1344)
OS uptime: 0 days 23:48 hours
Hyper-V role detected

CPU:total 4 (initial active 4) (2 cores per cpu, 2 threads per core) family 6 model 142 stepping 12 microcode 0xde, cmov, cx8, fxsr, mmx, sse, sse2, sse3, ssse3, sse4.1, sse4.2, popcnt, avx, avx2, aes, clmul, erms, 3dnowpref, lzcnt, ht, tsc, tscinvbit, bmi1, bmi2, adx, fma

Memory: 4k page, system-wide physical 8025M (353M free)
TotalPageFile size 18154M (AvailPageFile size 0M)
current process WorkingSet (physical memory assigned to process): 407M, peak: 407M
current process commit charge ("private bytes"): 450M, peak: 451M

vm_info: OpenJDK 64-Bit Server VM (11.0.18+10) for windows-amd64 JRE (11.0.18+10), built on Jan 18 2023 04:27:27 by "" with MS VC++ 16.7 (VS2019)

END.
